0 info it worked if it ends with ok
1 verbose cli [ '/Users/rose/.nvm/versions/node/v5.5.0/bin/node',
1 verbose cli   '/Users/rose/.nvm/versions/node/v5.5.0/bin/npm',
1 verbose cli   'start' ]
2 info using npm@3.3.12
3 info using node@v5.5.0
4 verbose run-script [ 'prestart', 'start', 'poststart' ]
5 info lifecycle songBird@1.0.0~prestart: songBird@1.0.0
6 silly lifecycle songBird@1.0.0~prestart: no script for prestart, continuing
7 info lifecycle songBird@1.0.0~start: songBird@1.0.0
8 verbose lifecycle songBird@1.0.0~start: unsafe-perm in lifecycle true
9 verbose lifecycle songBird@1.0.0~start: PATH: /Users/rose/.nvm/versions/node/v5.5.0/lib/node_modules/npm/bin/node-gyp-bin:/Users/rose/project/songBird/node_modules/.bin:/Library/Frameworks/Python.framework/Versions/3.4/bin:/Users/rose/.nvm/versions/node/v5.5.0/bin:/usr/local/bin:/usr/bin:/bin:/usr/sbin:/sbin
10 verbose lifecycle songBird@1.0.0~start: CWD: /Users/rose/project/songBird
11 silly lifecycle songBird@1.0.0~start: Args: [ '-c', 'node server.js' ]
12 silly lifecycle songBird@1.0.0~start: Returned: code: 1  signal: null
13 info lifecycle songBird@1.0.0~start: Failed to exec start script
14 verbose stack Error: songBird@1.0.0 start: `node server.js`
14 verbose stack Exit status 1
14 verbose stack     at EventEmitter.<anonymous> (/Users/rose/.nvm/versions/node/v5.5.0/lib/node_modules/npm/lib/utils/lifecycle.js:232:16)
14 verbose stack     at emitTwo (events.js:100:13)
14 verbose stack     at EventEmitter.emit (events.js:185:7)
14 verbose stack     at ChildProcess.<anonymous> (/Users/rose/.nvm/versions/node/v5.5.0/lib/node_modules/npm/lib/utils/spawn.js:24:14)
14 verbose stack     at emitTwo (events.js:100:13)
14 verbose stack     at ChildProcess.emit (events.js:185:7)
14 verbose stack     at maybeClose (internal/child_process.js:821:16)
14 verbose stack     at Process.ChildProcess._handle.onexit (internal/child_process.js:211:5)
15 verbose pkgid songBird@1.0.0
16 verbose cwd /Users/rose/project/songBird
17 error Darwin 14.5.0
18 error argv "/Users/rose/.nvm/versions/node/v5.5.0/bin/node" "/Users/rose/.nvm/versions/node/v5.5.0/bin/npm" "start"
19 error node v5.5.0
20 error npm  v3.3.12
21 error code ELIFECYCLE
22 error songBird@1.0.0 start: `node server.js`
22 error Exit status 1
23 error Failed at the songBird@1.0.0 start script 'node server.js'.
23 error Make sure you have the latest version of node.js and npm installed.
23 error If you do, this is most likely a problem with the songBird package,
23 error not with npm itself.
23 error Tell the author that this fails on your system:
23 error     node server.js
23 error You can get their info via:
23 error     npm owner ls songBird
23 error There is likely additional logging output above.
24 verbose exit [ 1, true ]
